Using pre-set license
Built from '2022.3/staging' branch; Version is '2022.3.43f1 (85497d293fa1) revision 8735101'; Using compiler version '192829333'; Build Type 'Release'
OS: 'Windows 11  (10.0.26100) 64bit Professional' Language: 'en' Physical Memory: 15628 MB
BatchMode: 1, IsHumanControllingUs: 0, StartBugReporterOnCrash: 0, Is64bit: 1, IsPro: 1

COMMAND LINE ARGUMENTS:
C:\Program Files\Unity\Hub\Editor\2022.3.43f1\Editor\Unity.exe
-adb2
-batchMode
-noUpm
-name
AssetImportWorker0
-projectPath
C:/Users/ErayO/Desktop/projects-portfolio/FinalProjectER_Unity
-logFile
Logs/AssetImportWorker0.log
-srvPort
9261
Successfully changed project path to: C:/Users/ErayO/Desktop/projects-portfolio/FinalProjectER_Unity
C:/Users/ErayO/Desktop/projects-portfolio/FinalProjectER_Unity
[UnityMemory] Configuration Parameters - Can be set up in boot.config
    "memorysetup-bucket-allocator-granularity=16"
    "memorysetup-bucket-allocator-bucket-count=8"
    "memorysetup-bucket-allocator-block-size=33554432"
    "memorysetup-bucket-allocator-block-count=8"
    "memorysetup-main-allocator-block-size=16777216"
    "memorysetup-thread-allocator-block-size=16777216"
    "memorysetup-gfx-main-allocator-block-size=16777216"
    "memorysetup-gfx-thread-allocator-block-size=16777216"
    "memorysetup-cache-allocator-block-size=4194304"
    "memorysetup-typetree-allocator-block-size=2097152"
    "memorysetup-profiler-bucket-allocator-granularity=16"
    "memorysetup-profiler-bucket-allocator-bucket-count=8"
    "memorysetup-profiler-bucket-allocator-block-size=33554432"
    "memorysetup-profiler-bucket-allocator-block-count=8"
    "memorysetup-profiler-allocator-block-size=16777216"
    "memorysetup-profiler-editor-allocator-block-size=1048576"
    "memorysetup-temp-allocator-size-main=16777216"
    "memorysetup-job-temp-allocator-block-size=2097152"
    "memorysetup-job-temp-allocator-block-size-background=1048576"
    "memorysetup-job-temp-allocator-reduction-small-platforms=262144"
    "memorysetup-allocator-temp-initial-block-size-main=262144"
    "memorysetup-allocator-temp-initial-block-size-worker=262144"
    "memorysetup-temp-allocator-size-background-worker=32768"
    "memorysetup-temp-allocator-size-job-worker=262144"
    "memorysetup-temp-allocator-size-preload-manager=33554432"
    "memorysetup-temp-allocator-size-nav-mesh-worker=65536"
    "memorysetup-temp-allocator-size-audio-worker=65536"
    "memorysetup-temp-allocator-size-cloud-worker=32768"
    "memorysetup-temp-allocator-size-gi-baking-worker=262144"
    "memorysetup-temp-allocator-size-gfx=262144"
Player connection [10412]  Target information:

Player connection [10412]  * "[IP] 172.18.240.1 [Port] 0 [Flags] 2 [Guid] 2611941646 [EditorId] 2611941646 [Version] 1048832 [Id] WindowsEditor(7,Asus-Ray) [Debug] 1 [PackageName] WindowsEditor [ProjectName] Editor" 

Player connection [10412]  * "[IP] 192.168.182.1 [Port] 0 [Flags] 2 [Guid] 2611941646 [EditorId] 2611941646 [Version] 1048832 [Id] WindowsEditor(7,Asus-Ray) [Debug] 1 [PackageName] WindowsEditor [ProjectName] Editor" 

Player connection [10412]  * "[IP] 192.168.220.1 [Port] 0 [Flags] 2 [Guid] 2611941646 [EditorId] 2611941646 [Version] 1048832 [Id] WindowsEditor(7,Asus-Ray) [Debug] 1 [PackageName] WindowsEditor [ProjectName] Editor" 

Player connection [10412]  * "[IP] 172.23.128.1 [Port] 0 [Flags] 2 [Guid] 2611941646 [EditorId] 2611941646 [Version] 1048832 [Id] WindowsEditor(7,Asus-Ray) [Debug] 1 [PackageName] WindowsEditor [ProjectName] Editor" 

Player connection [10412]  * "[IP] 192.168.0.173 [Port] 0 [Flags] 2 [Guid] 2611941646 [EditorId] 2611941646 [Version] 1048832 [Id] WindowsEditor(7,Asus-Ray) [Debug] 1 [PackageName] WindowsEditor [ProjectName] Editor" 

Player connection [10412] Host joined multi-casting on [225.0.0.222:54997]...
Player connection [10412] Host joined alternative multi-casting on [225.0.0.222:34997]...
[PhysX] Initialized MultithreadedTaskDispatcher with 16 workers.
Refreshing native plugins compatible for Editor in 235.37 ms, found 12 plugins.
Preloading 1 native plugins for Editor in 4.50 ms.
Initialize engine version: 2022.3.43f1 (85497d293fa1)
[Subsystems] Discovering subsystems at path C:/Program Files/Unity/Hub/Editor/2022.3.43f1/Editor/Data/Resources/UnitySubsystems
[Subsystems] Discovering subsystems at path C:/Users/ErayO/Desktop/projects-portfolio/FinalProjectER_Unity/Assets
GfxDevice: creating device client; threaded=0; jobified=0
Direct3D:
    Version:  Direct3D 11.0 [level 11.1]
    Renderer: NVIDIA GeForce RTX 3060 Laptop GPU (ID=0x2520)
    Vendor:   NVIDIA
    VRAM:     5996 MB
    Driver:   32.0.15.7652
Shader 'SyntyStudios/GrungeTriplanar': fallback shader 'wiiu' not found
Shader 'SyntyStudios/Ghost': fallback shader 'wiiu' not found
Initialize mono
Mono path[0] = 'C:/Program Files/Unity/Hub/Editor/2022.3.43f1/Editor/Data/Managed'
Mono path[1] = 'C:/Program Files/Unity/Hub/Editor/2022.3.43f1/Editor/Data/MonoBleedingEdge/lib/mono/unityjit-win32'
Mono config path = 'C:/Program Files/Unity/Hub/Editor/2022.3.43f1/Editor/Data/MonoBleedingEdge/etc'
Using monoOptions --debugger-agent=transport=dt_socket,embedding=1,server=y,suspend=n,address=127.0.0.1:56864
Begin MonoManager ReloadAssembly
Registering precompiled unity dll's ...
Register platform support module: C:/Program Files/Unity/Hub/Editor/2022.3.43f1/Editor/Data/PlaybackEngines/WindowsStandaloneSupport/UnityEditor.WindowsStandalone.Extensions.dll
Registered in 0.153144 seconds.
- Loaded All Assemblies, in  1.129 seconds
Native extension for WindowsStandalone target not found
Mono: successfully reloaded assembly
- Finished resetting the current domain, in  0.422 seconds
Domain Reload Profiling: 1514ms
	BeginReloadAssembly (416ms)
		ExecutionOrderSort (0ms)
		DisableScriptedObjects (0ms)
		BackupInstance (0ms)
		ReleaseScriptingObjects (0ms)
		CreateAndSetChildDomain (1ms)
	RebuildCommonClasses (72ms)
	RebuildNativeTypeToScriptingClass (11ms)
	initialDomainReloadingComplete (355ms)
	LoadAllAssembliesAndSetupDomain (237ms)
		LoadAssemblies (391ms)
		RebuildTransferFunctionScriptingTraits (0ms)
		AnalyzeDomain (229ms)
			TypeCache.Refresh (227ms)
				TypeCache.ScanAssembly (202ms)
			ScanForSourceGeneratedMonoScriptInfo (0ms)
			ResolveRequiredComponents (1ms)
	FinalizeReload (422ms)
		ReleaseScriptCaches (0ms)
		RebuildScriptCaches (0ms)
		SetupLoadedEditorAssemblies (355ms)
			LogAssemblyErrors (0ms)
			InitializePlatformSupportModulesInManaged (44ms)
			SetLoadedEditorAssemblies (12ms)
			RefreshPlugins (0ms)
			BeforeProcessingInitializeOnLoad (3ms)
			ProcessInitializeOnLoadAttributes (220ms)
			ProcessInitializeOnLoadMethodAttributes (76ms)
			AfterProcessingInitializeOnLoad (0ms)
			EditorAssembliesLoaded (0ms)
		ExecutionOrderSort2 (0ms)
		AwakeInstancesAfterBackupRestoration (0ms)
========================================================================
Worker process is ready to serve import requests
Caller must complete domain reload
Begin MonoManager ReloadAssembly
- Loaded All Assemblies, in  4.065 seconds
Native extension for WindowsStandalone target not found
Package Manager log level set to [2]
[Package Manager] Server::EnsureServerProcessIsRunning -- launch failed, reason: Unity was launched with the -noUpm command-line argument
[Package Manager] UpmClient::Send -- Unable to send message (not connected to UPM process).
[Package Manager] Cannot connect to Unity Package Manager local server
[Package Manager] Server::EnsureServerProcessIsRunning -- launch failed, reason: Unity was launched with the -noUpm command-line argument
[Package Manager] UpmClient::Send -- Unable to send message (not connected to UPM process).
[Package Manager] Cannot connect to Unity Package Manager local server
System.Reflection.TargetInvocationException: Exception has been thrown by the target of an invocation. ---> System.NullReferenceException: Object reference not set to an instance of an object
  at Unity.XR.Oculus.OculusLoader.AssetPathToAbsolutePath (System.String assetPath) [0x0003d] in .\Library\PackageCache\com.unity.xr.oculus@4.3.0\Runtime\OculusLoader.cs:307 
  at Unity.XR.Oculus.OculusLoader.EditorLoadOVRPlugin () [0x0008c] in .\Library\PackageCache\com.unity.xr.oculus@4.3.0\Runtime\OculusLoader.cs:292 
  at (wrapper managed-to-native) System.Reflection.RuntimeMethodInfo.InternalInvoke(System.Reflection.RuntimeMethodInfo,object,object[],System.Exception&)
  at System.Reflection.RuntimeMethodInfo.Invoke (System.Object obj, System.Reflection.BindingFlags invokeAttr, System.Reflection.Binder binder, System.Object[] parameters, System.Globalization.CultureInfo culture) [0x0006a] in <8ce0bd04a7a04b4b9395538239d3fdd8>:0 
   --- End of inner exception stack trace ---
  at System.Reflection.RuntimeMethodInfo.Invoke (System.Object obj, System.Reflection.BindingFlags invokeAttr, System.Reflection.Binder binder, System.Object[] parameters, System.Globalization.CultureInfo culture) [0x00083] in <8ce0bd04a7a04b4b9395538239d3fdd8>:0 
  at System.Reflection.MethodBase.Invoke (System.Object obj, System.Object[] parameters) [0x00000] in <8ce0bd04a7a04b4b9395538239d3fdd8>:0 
  at UnityEditor.EditorAssemblies.ProcessInitializeOnLoadMethodAttributes () [0x000a5] in <8d33a6384e1148858f2e669234fa89ff>:0 
UnityEngine.StackTraceUtility:ExtractStackTrace ()
UnityEngine.DebugLogHandler:LogFormat (UnityEngine.LogType,UnityEngine.Object,string,object[])
UnityEngine.Logger:Log (UnityEngine.LogType,object)
UnityEngine.Debug:LogError (object)
UnityEditor.EditorAssemblies:ProcessInitializeOnLoadMethodAttributes ()

Mono: successfully reloaded assembly
[Package Manager] Server::EnsureServerProcessIsRunning -- launch failed, reason: Unity was launched with the -noUpm command-line argument
[Package Manager] UpmClient::Send -- Unable to send message (not connected to UPM process).
[Package Manager] Cannot connect to Unity Package Manager local server
[Package Manager] Server::EnsureServerProcessIsRunning -- launch failed, reason: Unity was launched with the -noUpm command-line argument
[Package Manager] UpmClient::Send -- Unable to send message (not connected to UPM process).
[Package Manager] Cannot connect to Unity Package Manager local server
- Finished resetting the current domain, in  2.939 seconds
Domain Reload Profiling: 6858ms
	BeginReloadAssembly (864ms)
		ExecutionOrderSort (0ms)
		DisableScriptedObjects (7ms)
		BackupInstance (0ms)
		ReleaseScriptingObjects (0ms)
		CreateAndSetChildDomain (35ms)
	RebuildCommonClasses (73ms)
	RebuildNativeTypeToScriptingClass (17ms)
	initialDomainReloadingComplete (224ms)
	LoadAllAssembliesAndSetupDomain (2736ms)
		LoadAssemblies (2801ms)
		RebuildTransferFunctionScriptingTraits (0ms)
		AnalyzeDomain (652ms)
			TypeCache.Refresh (558ms)
				TypeCache.ScanAssembly (512ms)
			ScanForSourceGeneratedMonoScriptInfo (64ms)
			ResolveRequiredComponents (27ms)
	FinalizeReload (2943ms)
		ReleaseScriptCaches (0ms)
		RebuildScriptCaches (0ms)
		SetupLoadedEditorAssemblies (2596ms)
			LogAssemblyErrors (0ms)
			InitializePlatformSupportModulesInManaged (58ms)
			SetLoadedEditorAssemblies (12ms)
			RefreshPlugins (0ms)
			BeforeProcessingInitializeOnLoad (875ms)
			ProcessInitializeOnLoadAttributes (973ms)
			ProcessInitializeOnLoadMethodAttributes (507ms)
			AfterProcessingInitializeOnLoad (169ms)
			EditorAssembliesLoaded (0ms)
		ExecutionOrderSort2 (0ms)
		AwakeInstancesAfterBackupRestoration (9ms)
Shader 'SyntyStudios/GrungeTriplanar': fallback shader 'wiiu' not found
Shader 'SyntyStudios/Ghost': fallback shader 'wiiu' not found
Launched and connected shader compiler UnityShaderCompiler.exe after 0.21 seconds
Refreshing native plugins compatible for Editor in 257.33 ms, found 12 plugins.
Preloading 1 native plugins for Editor in 0.64 ms.
Unloading 6930 Unused Serialized files (Serialized files now loaded: 0)
Unloading 99 unused Assets / (2.1 MB). Loaded Objects now: 7354.
Memory consumption went from 273.0 MB to 270.8 MB.
Total: 10.792700 ms (FindLiveObjects: 1.277900 ms CreateObjectMapping: 0.679600 ms MarkObjects: 7.426500 ms  DeleteObjects: 1.406600 ms)

AssetImportParameters requested are different than current active one (requested -> active):
  custom:container-demuxer-ogg: 62fdf1f143b41e24485cea50d1cbac27 -> 
  custom:framework-win-MediaFoundation: 216162199b28c13a410421893ffa2e32 -> 
  custom:container-muxer-webm: aa71ff27fc2769a1b78a27578f13a17b -> 
  custom:video-decoder-webm-vp8: 9c59270c3fd7afecdb556c50c9e8de78 -> 
  custom:SearchIndexIgnoredProperties: e643bd26f0fe6173181afceb89e7c659 -> 
  custom:AudioImporter_EditorPlatform: d09bf68614088b80899f8185d706f6e7 -> 
  custom:audio-decoder-ogg-vorbis: bf7c407c2cedff20999df2af8eb42d56 -> 
  custom:audio-encoder-webm-vorbis: bf7c407c2cedff20999df2af8eb42d56 -> 
  custom:video-codec-MediaFoundation-h265: 746d11721c4dcdbdad8f713fa42b33f4 -> 
  custom:video-decoder-ogg-theora: a1e56fd34408186e4bbccfd4996cb3dc -> 
  custom:CustomObjectIndexerAttribute: 3ead1caaecf1c488f20bcfeb224b6af5 -> 
  custom:container-demuxer-webm: 4f35f7cbe854078d1ac9338744f61a02 -> 
  custom:video-encoder-webm-vp8: eb34c28f22e8b96e1ab97ce403110664 -> 
========================================================================
Received Import Request.
  Time since last request: 18722.421268 seconds.
  path: Assets/Flashlight/Flashlight_Gold/Flashlight.prefab
  artifactKey: Guid(c65d41b09566ea34caeb1aae65f2ece7) Importer(815301076,1909f56bfc062723c751e8b465ee728b)
Start importing Assets/Flashlight/Flashlight_Gold/Flashlight.prefab using Guid(c65d41b09566ea34caeb1aae65f2ece7) Importer(815301076,1909f56bfc062723c751e8b465ee728b) [PhysX] Initialized MultithreadedTaskDispatcher with 16 workers.
 -> (artifact id: 'd12d26efca06697169f074e3bf51ac17') in 0.092918 seconds
Number of updated asset objects reloaded before import = 0
Number of asset objects unloaded after import = 10
========================================================================
Received Import Request.
  Time since last request: 0.000035 seconds.
  path: Assets/images-removebg-preview.png
  artifactKey: Guid(519de4cf0df24954eb4294a79b3e3e8f) Importer(815301076,1909f56bfc062723c751e8b465ee728b)
Start importing Assets/images-removebg-preview.png using Guid(519de4cf0df24954eb4294a79b3e3e8f) Importer(815301076,1909f56bfc062723c751e8b465ee728b) [PhysX] Initialized MultithreadedTaskDispatcher with 16 workers.
[PhysX] Initialized MultithreadedTaskDispatcher with 16 workers.
 -> (artifact id: '1307c3d545b7d6fc750e4130031658be') in 0.189145 seconds
Number of updated asset objects reloaded before import = 0
Number of asset objects unloaded after import = 2
========================================================================
Received Import Request.
  Time since last request: 0.000039 seconds.
  path: Assets/BigAssets/PolygonHorrorMansion_Synty_Studio/Textures/Misc/FlashLightCookie.png
  artifactKey: Guid(7aaa789c6e76b1a4aa16c0edaf993eb6) Importer(815301076,1909f56bfc062723c751e8b465ee728b)
Start importing Assets/BigAssets/PolygonHorrorMansion_Synty_Studio/Textures/Misc/FlashLightCookie.png using Guid(7aaa789c6e76b1a4aa16c0edaf993eb6) Importer(815301076,1909f56bfc062723c751e8b465ee728b) [PhysX] Initialized MultithreadedTaskDispatcher with 16 workers.
[PhysX] Initialized MultithreadedTaskDispatcher with 16 workers.
 -> (artifact id: '1b330d20edb321de93513911423b2df8') in 0.022812 seconds
Number of updated asset objects reloaded before import = 0
Number of asset objects unloaded after import = 2
========================================================================
Received Import Request.
  Time since last request: 0.000058 seconds.
  path: Assets/Flashlight/Textures/FlashLight_DFSA.png
  artifactKey: Guid(af0053ac6d32a5043a6b8c7649bfb2bc) Importer(815301076,1909f56bfc062723c751e8b465ee728b)
Start importing Assets/Flashlight/Textures/FlashLight_DFSA.png using Guid(af0053ac6d32a5043a6b8c7649bfb2bc) Importer(815301076,1909f56bfc062723c751e8b465ee728b) [PhysX] Initialized MultithreadedTaskDispatcher with 16 workers.
[PhysX] Initialized MultithreadedTaskDispatcher with 16 workers.
 -> (artifact id: 'b59f1853e36002611ba00d4a86af291a') in 0.043402 seconds
Number of updated asset objects reloaded before import = 0
Number of asset objects unloaded after import = 2
========================================================================
Received Import Request.
  Time since last request: 0.000244 seconds.
  path: Assets/Flashlight/Misc/Flashlight.fbm/FlashLight_NM.png
  artifactKey: Guid(cbee364371ae1ed4389ab49f0143b94e) Importer(815301076,1909f56bfc062723c751e8b465ee728b)
Start importing Assets/Flashlight/Misc/Flashlight.fbm/FlashLight_NM.png using Guid(cbee364371ae1ed4389ab49f0143b94e) Importer(815301076,1909f56bfc062723c751e8b465ee728b) [PhysX] Initialized MultithreadedTaskDispatcher with 16 workers.
[PhysX] Initialized MultithreadedTaskDispatcher with 16 workers.
 -> (artifact id: '3a989c70519d5eb8be0c05f547af7e8f') in 0.028110 seconds
Number of updated asset objects reloaded before import = 0
Number of asset objects unloaded after import = 2
========================================================================
Received Import Request.
  Time since last request: 0.000049 seconds.
  path: Assets/Flashlight/Flashlight_Gold/Textures/FlashLight_SpecGlossAGold.tga
  artifactKey: Guid(99da7064807677342872d28e8ba3bf01) Importer(815301076,1909f56bfc062723c751e8b465ee728b)
Start importing Assets/Flashlight/Flashlight_Gold/Textures/FlashLight_SpecGlossAGold.tga using Guid(99da7064807677342872d28e8ba3bf01) Importer(815301076,1909f56bfc062723c751e8b465ee728b) [PhysX] Initialized MultithreadedTaskDispatcher with 16 workers.
[PhysX] Initialized MultithreadedTaskDispatcher with 16 workers.
 -> (artifact id: '39dd31d25cbcb056cd3549ecccdfd17c') in 0.036059 seconds
Number of updated asset objects reloaded before import = 0
Number of asset objects unloaded after import = 2
========================================================================
Received Import Request.
  Time since last request: 0.001049 seconds.
  path: Assets/Flashlight/Textures/Flashlight_Cookie2.png
  artifactKey: Guid(a3330cd596f334e41b387b95e34fb32d) Importer(815301076,1909f56bfc062723c751e8b465ee728b)
Start importing Assets/Flashlight/Textures/Flashlight_Cookie2.png using Guid(a3330cd596f334e41b387b95e34fb32d) Importer(815301076,1909f56bfc062723c751e8b465ee728b) [PhysX] Initialized MultithreadedTaskDispatcher with 16 workers.
[PhysX] Initialized MultithreadedTaskDispatcher with 16 workers.
 -> (artifact id: '61b05091abd1e0be4dd7507a33dca3a7') in 0.024493 seconds
Number of updated asset objects reloaded before import = 0
Number of asset objects unloaded after import = 2
========================================================================
Received Import Request.
  Time since last request: 0.000044 seconds.
  path: Assets/Flashlight/Flashlight_Gold/Textures/FlashLight_NM.png
  artifactKey: Guid(7891744b30c07624d9d05ffd79be49b7) Importer(815301076,1909f56bfc062723c751e8b465ee728b)
Start importing Assets/Flashlight/Flashlight_Gold/Textures/FlashLight_NM.png using Guid(7891744b30c07624d9d05ffd79be49b7) Importer(815301076,1909f56bfc062723c751e8b465ee728b) [PhysX] Initialized MultithreadedTaskDispatcher with 16 workers.
[PhysX] Initialized MultithreadedTaskDispatcher with 16 workers.
 -> (artifact id: '83e442248a3166e8094043bc23ad3339') in 0.028176 seconds
Number of updated asset objects reloaded before import = 0
Number of asset objects unloaded after import = 2
========================================================================
Received Import Request.
  Time since last request: 0.000056 seconds.
  path: Assets/Flashlight/Flashlight_Gold/Textures/FlashLight_SpecGlossA.tga
  artifactKey: Guid(a1ca64e1811461747afe5a2655b6ab9c) Importer(815301076,1909f56bfc062723c751e8b465ee728b)
Start importing Assets/Flashlight/Flashlight_Gold/Textures/FlashLight_SpecGlossA.tga using Guid(a1ca64e1811461747afe5a2655b6ab9c) Importer(815301076,1909f56bfc062723c751e8b465ee728b) [PhysX] Initialized MultithreadedTaskDispatcher with 16 workers.
[PhysX] Initialized MultithreadedTaskDispatcher with 16 workers.
 -> (artifact id: '21815afe1062d2a577bbaefab4ecc61c') in 0.029751 seconds
Number of updated asset objects reloaded before import = 0
Number of asset objects unloaded after import = 2
========================================================================
Received Import Request.
  Time since last request: 0.000035 seconds.
  path: Assets/Flashlight/Materials/FlashlightBulbMaterial.mat
  artifactKey: Guid(692b31056fd005149ab4dc4e42058739) Importer(815301076,1909f56bfc062723c751e8b465ee728b)
Start importing Assets/Flashlight/Materials/FlashlightBulbMaterial.mat using Guid(692b31056fd005149ab4dc4e42058739) Importer(815301076,1909f56bfc062723c751e8b465ee728b) [PhysX] Initialized MultithreadedTaskDispatcher with 16 workers.
[PhysX] Initialized MultithreadedTaskDispatcher with 16 workers.
 -> (artifact id: '3b7474c1ece7940491adf29ca104f848') in 2.719656 seconds
Number of updated asset objects reloaded before import = 0
Number of asset objects unloaded after import = 20
